<?xml version="1.0" encoding="UTF-8"?>
<testsuite name="de.tzander.gradle.simplesemanticversioning.SimpleSemanticVersioningPluginFunctionalTest" tests="6" skipped="0" failures="0" errors="0" timestamp="2021-09-09T07:28:42" hostname="Torstens-MacBook-Pro.local" time="2.14">
  <properties/>
  <testcase name="increase minor version" classname="de.tzander.gradle.simplesemanticversioning.SimpleSemanticVersioningPluginFunctionalTest" time="0.304"/>
  <testcase name="increase major version and update in configured file" classname="de.tzander.gradle.simplesemanticversioning.SimpleSemanticVersioningPluginFunctionalTest" time="0.233"/>
  <testcase name="increase major version" classname="de.tzander.gradle.simplesemanticversioning.SimpleSemanticVersioningPluginFunctionalTest" time="0.693"/>
  <testcase name="increase patch version and update in configured files" classname="de.tzander.gradle.simplesemanticversioning.SimpleSemanticVersioningPluginFunctionalTest" time="0.161"/>
  <testcase name="increase minor version and update in configured file" classname="de.tzander.gradle.simplesemanticversioning.SimpleSemanticVersioningPluginFunctionalTest" time="0.368"/>
  <testcase name="increase patch version" classname="de.tzander.gradle.simplesemanticversioning.SimpleSemanticVersioningPluginFunctionalTest" time="0.38"/>
  <system-out><![CDATA[
> Task :increaseMinor
Updated to minor version: 12.5.0
The file .gitlab-ci.yml was updated to 12.5.0
The file Dockerfile was updated to 12.5.0

BUILD SUCCESSFUL in 249ms
1 actionable task: 1 executed

> Task :increaseMajor
Updated to major version: 13.0.0
The file .gitlab-ci.yml was updated to 13.0.0
The file Dockerfile was updated to 13.0.0

BUILD SUCCESSFUL in 185ms
1 actionable task: 1 executed

> Task :increaseMajor
Updated to major version: 13.0.0
The file .gitlab-ci.yml was updated to 13.0.0
The file Dockerfile was updated to 13.0.0

BUILD SUCCESSFUL in 528ms
1 actionable task: 1 executed

> Task :increasePatch
Updated to patch version: 12.4.3
The file .gitlab-ci.yml was updated to 12.4.3
The file Dockerfile was updated to 12.4.3

BUILD SUCCESSFUL in 121ms
1 actionable task: 1 executed

> Task :increaseMinor
Updated to minor version: 12.5.0
The file .gitlab-ci.yml was updated to 12.5.0
The file Dockerfile was updated to 12.5.0

BUILD SUCCESSFUL in 317ms
1 actionable task: 1 executed

> Task :increasePatch
Updated to patch version: 12.4.3
The file .gitlab-ci.yml was updated to 12.4.3
The file Dockerfile was updated to 12.4.3

BUILD SUCCESSFUL in 336ms
1 actionable task: 1 executed
]]></system-out>
  <system-err><![CDATA[]]></system-err>
</testsuite>
