<?xml version="1.0" encoding="UTF-8"?>
<testsuite name="de.tzander.gradle.simplesemanticversioning.SemanticVersionTest" tests="7" skipped="0" failures="0" errors="0" timestamp="2021-09-09T07:28:50" hostname="Torstens-MacBook-Pro.local" time="0.124">
  <properties/>
  <testcase name="get major version" classname="de.tzander.gradle.simplesemanticversioning.SemanticVersionTest" time="0.086"/>
  <testcase name="can not handle release with hashtag" classname="de.tzander.gradle.simplesemanticversioning.SemanticVersionTest" time="0.03"/>
  <testcase name="get patch version" classname="de.tzander.gradle.simplesemanticversioning.SemanticVersionTest" time="0.0"/>
  <testcase name="get minor version" classname="de.tzander.gradle.simplesemanticversioning.SemanticVersionTest" time="0.002"/>
  <testcase name="can handle snapshot patch version" classname="de.tzander.gradle.simplesemanticversioning.SemanticVersionTest" time="0.001"/>
  <testcase name="can handle snapshot minor version" classname="de.tzander.gradle.simplesemanticversioning.SemanticVersionTest" time="0.0"/>
  <testcase name="can handle release with dot" classname="de.tzander.gradle.simplesemanticversioning.SemanticVersionTest" time="0.0"/>
  <system-out><![CDATA[]]></system-out>
  <system-err><![CDATA[]]></system-err>
</testsuite>
